Base path: /Applications/Unity/Unity.app/Contents
Pipe name: \\.\pipe\UnityShaderCompiler-64bit-4--1870630912
Cmd: getPlatforms
Cmd: compileSnippet
  api=9 type=0 insize=1079 outsize=984 kw= ok=1
Cmd: compileSnippet
  api=9 type=0 insize=1085 outsize=1320 kw= ok=1
Cmd: compileSnippet
  api=14 type=0 insize=1329 outsize=1066 kw= ok=1
Cmd: compileSnippet
  api=14 type=1 insize=1329 outsize=961 kw= ok=1
Cmd: compileSnippet
  api=14 type=0 insize=1325 outsize=1066 kw= ok=1
Cmd: compileSnippet
  api=14 type=1 insize=1325 outsize=955 kw= ok=1
Cmd: compileSnippet
  api=9 type=1 insize=1325 outsize=7 kw= ok=1
Cmd: compileSnippet
  api=14 type=0 insize=1329 outsize=1066 kw= ok=1
Cmd: compileSnippet
  api=9 type=1 insize=1329 outsize=7 kw= ok=1
Cmd: compileSnippet
  api=14 type=0 insize=1317 outsize=1066 kw= ok=1
Cmd: compileSnippet
  api=14 type=1 insize=1317 outsize=943 kw= ok=1
Cmd: compileSnippet
  api=9 type=1 insize=1327 outsize=7 kw= ok=1
Cmd: compileSnippet
  api=14 type=0 insize=1777 outsize=689 kw= ok=1
Cmd: compileSnippet
  api=14 type=1 insize=1777 outsize=1802 kw= ok=1
Cmd: compileSnippet
  api=9 type=1 insize=1779 outsize=7 kw= ok=1
Cmd: compileSnippet
  api=14 type=0 insize=1803 outsize=689 kw= ok=1
Cmd: compileSnippet
  api=9 type=0 insize=1822 outsize=1317 kw= ok=1
Cmd: compileSnippet
  api=14 type=1 insize=1822 outsize=1389 kw= ok=1
End of pipe

Quitting shader compiler process
